<?xml version="1.0" encoding="UTF-8"?>
<testsuite xmlns:xsi="http://www.w3.org/2001/XMLSchema-instance" xsi:noNamespaceSchemaLocation="https://maven.apache.org/surefire/maven-surefire-plugin/xsd/surefire-test-report.xsd" name="com.example.demo.Demo1ApplicationTests" time="24.157" tests="1" errors="0" skipped="0" failures="0">
  <properties>
    <property name="sun.desktop" value="windows"/>
    <property name="awt.toolkit" value="sun.awt.windows.WToolkit"/>
    <property name="java.specification.version" value="11"/>
    <property name="sun.cpu.isalist" value="amd64"/>
    <property name="sun.jnu.encoding" value="MS950"/>
    <property name="java.class.path" value="D:\workspace_springboot_react_demo\demo1\target\test-classes;D:\workspace_springboot_react_demo\demo1\target\classes;C:\Program Files\apache-maven-3.6.3\localrepository\m1\org\springframework\boot\spring-boot-starter-data-jpa\2.3.0.RELEASE\spring-boot-starter-data-jpa-2.3.0.RELEASE.jar;C:\Program Files\apache-maven-3.6.3\localrepository\m1\org\springframework\boot\spring-boot-starter-aop\2.3.0.RELEASE\spring-boot-starter-aop-2.3.0.RELEASE.jar;C:\Program Files\apache-maven-3.6.3\localrepository\m1\org\springframework\spring-aop\5.2.6.RELEASE\spring-aop-5.2.6.RELEASE.jar;C:\Program Files\apache-maven-3.6.3\localrepository\m1\org\aspectj\aspectjweaver\1.9.5\aspectjweaver-1.9.5.jar;C:\Program Files\apache-maven-3.6.3\localrepository\m1\org\springframework\boot\spring-boot-starter-jdbc\2.3.0.RELEASE\spring-boot-starter-jdbc-2.3.0.RELEASE.jar;C:\Program Files\apache-maven-3.6.3\localrepository\m1\com\zaxxer\HikariCP\3.4.5\HikariCP-3.4.5.jar;C:\Program Files\apache-maven-3.6.3\localrepository\m1\org\springframework\spring-jdbc\5.2.6.RELEASE\spring-jdbc-5.2.6.RELEASE.jar;C:\Program Files\apache-maven-3.6.3\localrepository\m1\jakarta\transaction\jakarta.transaction-api\1.3.3\jakarta.transaction-api-1.3.3.jar;C:\Program Files\apache-maven-3.6.3\localrepository\m1\jakarta\persistence\jakarta.persistence-api\2.2.3\jakarta.persistence-api-2.2.3.jar;C:\Program Files\apache-maven-3.6.3\localrepository\m1\org\hibernate\hibernate-core\5.4.15.Final\hibernate-core-5.4.15.Final.jar;C:\Program Files\apache-maven-3.6.3\localrepository\m1\org\jboss\logging\jboss-logging\3.4.1.Final\jboss-logging-3.4.1.Final.jar;C:\Program Files\apache-maven-3.6.3\localrepository\m1\org\javassist\javassist\3.24.0-GA\javassist-3.24.0-GA.jar;C:\Program Files\apache-maven-3.6.3\localrepository\m1\net\bytebuddy\byte-buddy\1.10.10\byte-buddy-1.10.10.jar;C:\Program Files\apache-maven-3.6.3\localrepository\m1\antlr\antlr\2.7.7\antlr-2.7.7.jar;C:\Program Files\apache-maven-3.6.3\localrepository\m1\org\jboss\jandex\2.1.3.Final\jandex-2.1.3.Final.jar;C:\Program Files\apache-maven-3.6.3\localrepository\m1\com\fasterxml\classmate\1.5.1\classmate-1.5.1.jar;C:\Program Files\apache-maven-3.6.3\localrepository\m1\org\dom4j\dom4j\2.1.3\dom4j-2.1.3.jar;C:\Program Files\apache-maven-3.6.3\localrepository\m1\org\hibernate\common\hibernate-commons-annotations\5.1.0.Final\hibernate-commons-annotations-5.1.0.Final.jar;C:\Program Files\apache-maven-3.6.3\localrepository\m1\org\glassfish\jaxb\jaxb-runtime\2.3.3\jaxb-runtime-2.3.3.jar;C:\Program Files\apache-maven-3.6.3\localrepository\m1\org\glassfish\jaxb\txw2\2.3.3\txw2-2.3.3.jar;C:\Program Files\apache-maven-3.6.3\localrepository\m1\com\sun\istack\istack-commons-runtime\3.0.11\istack-commons-runtime-3.0.11.jar;C:\Program Files\apache-maven-3.6.3\localrepository\m1\com\sun\activation\jakarta.activation\1.2.2\jakarta.activation-1.2.2.jar;C:\Program Files\apache-maven-3.6.3\localrepository\m1\org\springframework\data\spring-data-jpa\2.3.0.RELEASE\spring-data-jpa-2.3.0.RELEASE.jar;C:\Program Files\apache-maven-3.6.3\localrepository\m1\org\springframework\data\spring-data-commons\2.3.0.RELEASE\spring-data-commons-2.3.0.RELEASE.jar;C:\Program Files\apache-maven-3.6.3\localrepository\m1\org\springframework\spring-orm\5.2.6.RELEASE\spring-orm-5.2.6.RELEASE.jar;C:\Program Files\apache-maven-3.6.3\localrepository\m1\org\springframework\spring-context\5.2.6.RELEASE\spring-context-5.2.6.RELEASE.jar;C:\Program Files\apache-maven-3.6.3\localrepository\m1\org\springframework\spring-tx\5.2.6.RELEASE\spring-tx-5.2.6.RELEASE.jar;C:\Program Files\apache-maven-3.6.3\localrepository\m1\org\springframework\spring-beans\5.2.6.RELEASE\spring-beans-5.2.6.RELEASE.jar;C:\Program Files\apache-maven-3.6.3\localrepository\m1\org\slf4j\slf4j-api\1.7.30\slf4j-api-1.7.30.jar;C:\Program Files\apache-maven-3.6.3\localrepository\m1\org\springframework\spring-aspects\5.2.6.RELEASE\spring-aspects-5.2.6.RELEASE.jar;C:\Program Files\apache-maven-3.6.3\localrepository\m1\org\springframework\boot\spring-boot-starter-data-rest\2.3.0.RELEASE\spring-boot-starter-data-rest-2.3.0.RELEASE.jar;C:\Program Files\apache-maven-3.6.3\localrepository\m1\org\springframework\data\spring-data-rest-webmvc\3.3.0.RELEASE\spring-data-rest-webmvc-3.3.0.RELEASE.jar;C:\Program Files\apache-maven-3.6.3\localrepository\m1\org\springframework\data\spring-data-rest-core\3.3.0.RELEASE\spring-data-rest-core-3.3.0.RELEASE.jar;C:\Program Files\apache-maven-3.6.3\localrepository\m1\org\springframework\hateoas\spring-hateoas\1.1.0.RELEASE\spring-hateoas-1.1.0.RELEASE.jar;C:\Program Files\apache-maven-3.6.3\localrepository\m1\org\springframework\plugin\spring-plugin-core\2.0.0.RELEASE\spring-plugin-core-2.0.0.RELEASE.jar;C:\Program Files\apache-maven-3.6.3\localrepository\m1\org\atteo\evo-inflector\1.2.2\evo-inflector-1.2.2.jar;C:\Program Files\apache-maven-3.6.3\localrepository\m1\com\fasterxml\jackson\core\jackson-databind\2.11.0\jackson-databind-2.11.0.jar;C:\Program Files\apache-maven-3.6.3\localrepository\m1\com\fasterxml\jackson\core\jackson-core\2.11.0\jackson-core-2.11.0.jar;C:\Program Files\apache-maven-3.6.3\localrepository\m1\com\fasterxml\jackson\core\jackson-annotations\2.11.0\jackson-annotations-2.11.0.jar;C:\Program Files\apache-maven-3.6.3\localrepository\m1\org\springframework\boot\spring-boot-starter-web\2.3.0.RELEASE\spring-boot-starter-web-2.3.0.RELEASE.jar;C:\Program Files\apache-maven-3.6.3\localrepository\m1\org\springframework\boot\spring-boot-starter\2.3.0.RELEASE\spring-boot-starter-2.3.0.RELEASE.jar;C:\Program Files\apache-maven-3.6.3\localrepository\m1\org\springframework\boot\spring-boot-starter-logging\2.3.0.RELEASE\spring-boot-starter-logging-2.3.0.RELEASE.jar;C:\Program Files\apache-maven-3.6.3\localrepository\m1\ch\qos\logback\logback-classic\1.2.3\logback-classic-1.2.3.jar;C:\Program Files\apache-maven-3.6.3\localrepository\m1\ch\qos\logback\logback-core\1.2.3\logback-core-1.2.3.jar;C:\Program Files\apache-maven-3.6.3\localrepository\m1\org\apache\logging\log4j\log4j-to-slf4j\2.13.2\log4j-to-slf4j-2.13.2.jar;C:\Program Files\apache-maven-3.6.3\localrepository\m1\org\apache\logging\log4j\log4j-api\2.13.2\log4j-api-2.13.2.jar;C:\Program Files\apache-maven-3.6.3\localrepository\m1\org\slf4j\jul-to-slf4j\1.7.30\jul-to-slf4j-1.7.30.jar;C:\Program Files\apache-maven-3.6.3\localrepository\m1\org\yaml\snakeyaml\1.26\snakeyaml-1.26.jar;C:\Program Files\apache-maven-3.6.3\localrepository\m1\org\springframework\boot\spring-boot-starter-json\2.3.0.RELEASE\spring-boot-starter-json-2.3.0.RELEASE.jar;C:\Program Files\apache-maven-3.6.3\localrepository\m1\com\fasterxml\jackson\datatype\jackson-datatype-jdk8\2.11.0\jackson-datatype-jdk8-2.11.0.jar;C:\Program Files\apache-maven-3.6.3\localrepository\m1\com\fasterxml\jackson\datatype\jackson-datatype-jsr310\2.11.0\jackson-datatype-jsr310-2.11.0.jar;C:\Program Files\apache-maven-3.6.3\localrepository\m1\com\fasterxml\jackson\module\jackson-module-parameter-names\2.11.0\jackson-module-parameter-names-2.11.0.jar;C:\Program Files\apache-maven-3.6.3\localrepository\m1\org\springframework\spring-web\5.2.6.RELEASE\spring-web-5.2.6.RELEASE.jar;C:\Program Files\apache-maven-3.6.3\localrepository\m1\org\springframework\spring-webmvc\5.2.6.RELEASE\spring-webmvc-5.2.6.RELEASE.jar;C:\Program Files\apache-maven-3.6.3\localrepository\m1\org\springframework\spring-expression\5.2.6.RELEASE\spring-expression-5.2.6.RELEASE.jar;C:\Program Files\apache-maven-3.6.3\localrepository\m1\org\springframework\boot\spring-boot-devtools\2.3.0.RELEASE\spring-boot-devtools-2.3.0.RELEASE.jar;C:\Program Files\apache-maven-3.6.3\localrepository\m1\org\springframework\boot\spring-boot\2.3.0.RELEASE\spring-boot-2.3.0.RELEASE.jar;C:\Program Files\apache-maven-3.6.3\localrepository\m1\org\springframework\boot\spring-boot-autoconfigure\2.3.0.RELEASE\spring-boot-autoconfigure-2.3.0.RELEASE.jar;C:\Program Files\apache-maven-3.6.3\localrepository\m1\com\h2database\h2\1.4.200\h2-1.4.200.jar;C:\Program Files\apache-maven-3.6.3\localrepository\m1\org\springframework\boot\spring-boot-configuration-processor\2.3.0.RELEASE\spring-boot-configuration-processor-2.3.0.RELEASE.jar;C:\Program Files\apache-maven-3.6.3\localrepository\m1\org\projectlombok\lombok\1.18.12\lombok-1.18.12.jar;C:\Program Files\apache-maven-3.6.3\localrepository\m1\org\springframework\boot\spring-boot-starter-tomcat\2.3.0.RELEASE\spring-boot-starter-tomcat-2.3.0.RELEASE.jar;C:\Program Files\apache-maven-3.6.3\localrepository\m1\jakarta\annotation\jakarta.annotation-api\1.3.5\jakarta.annotation-api-1.3.5.jar;C:\Program Files\apache-maven-3.6.3\localrepository\m1\org\apache\tomcat\embed\tomcat-embed-core\9.0.35\tomcat-embed-core-9.0.35.jar;C:\Program Files\apache-maven-3.6.3\localrepository\m1\org\glassfish\jakarta.el\3.0.3\jakarta.el-3.0.3.jar;C:\Program Files\apache-maven-3.6.3\localrepository\m1\org\apache\tomcat\embed\tomcat-embed-websocket\9.0.35\tomcat-embed-websocket-9.0.35.jar;C:\Program Files\apache-maven-3.6.3\localrepository\m1\org\springframework\boot\spring-boot-starter-test\2.3.0.RELEASE\spring-boot-starter-test-2.3.0.RELEASE.jar;C:\Program Files\apache-maven-3.6.3\localrepository\m1\org\springframework\boot\spring-boot-test\2.3.0.RELEASE\spring-boot-test-2.3.0.RELEASE.jar;C:\Program Files\apache-maven-3.6.3\localrepository\m1\org\springframework\boot\spring-boot-test-autoconfigure\2.3.0.RELEASE\spring-boot-test-autoconfigure-2.3.0.RELEASE.jar;C:\Program Files\apache-maven-3.6.3\localrepository\m1\com\jayway\jsonpath\json-path\2.4.0\json-path-2.4.0.jar;C:\Program Files\apache-maven-3.6.3\localrepository\m1\net\minidev\json-smart\2.3\json-smart-2.3.jar;C:\Program Files\apache-maven-3.6.3\localrepository\m1\net\minidev\accessors-smart\1.2\accessors-smart-1.2.jar;C:\Program Files\apache-maven-3.6.3\localrepository\m1\org\ow2\asm\asm\5.0.4\asm-5.0.4.jar;C:\Program Files\apache-maven-3.6.3\localrepository\m1\jakarta\xml\bind\jakarta.xml.bind-api\2.3.3\jakarta.xml.bind-api-2.3.3.jar;C:\Program Files\apache-maven-3.6.3\localrepository\m1\jakarta\activation\jakarta.activation-api\1.2.2\jakarta.activation-api-1.2.2.jar;C:\Program Files\apache-maven-3.6.3\localrepository\m1\org\assertj\assertj-core\3.16.1\assertj-core-3.16.1.jar;C:\Program Files\apache-maven-3.6.3\localrepository\m1\org\hamcrest\hamcrest\2.2\hamcrest-2.2.jar;C:\Program Files\apache-maven-3.6.3\localrepository\m1\org\junit\jupiter\junit-jupiter\5.6.2\junit-jupiter-5.6.2.jar;C:\Program Files\apache-maven-3.6.3\localrepository\m1\org\junit\jupiter\junit-jupiter-api\5.6.2\junit-jupiter-api-5.6.2.jar;C:\Program Files\apache-maven-3.6.3\localrepository\m1\org\opentest4j\opentest4j\1.2.0\opentest4j-1.2.0.jar;C:\Program Files\apache-maven-3.6.3\localrepository\m1\org\junit\platform\junit-platform-commons\1.6.2\junit-platform-commons-1.6.2.jar;C:\Program Files\apache-maven-3.6.3\localrepository\m1\org\junit\jupiter\junit-jupiter-params\5.6.2\junit-jupiter-params-5.6.2.jar;C:\Program Files\apache-maven-3.6.3\localrepository\m1\org\junit\jupiter\junit-jupiter-engine\5.6.2\junit-jupiter-engine-5.6.2.jar;C:\Program Files\apache-maven-3.6.3\localrepository\m1\org\junit\vintage\junit-vintage-engine\5.6.2\junit-vintage-engine-5.6.2.jar;C:\Program Files\apache-maven-3.6.3\localrepository\m1\org\apiguardian\apiguardian-api\1.1.0\apiguardian-api-1.1.0.jar;C:\Program Files\apache-maven-3.6.3\localrepository\m1\org\junit\platform\junit-platform-engine\1.6.2\junit-platform-engine-1.6.2.jar;C:\Program Files\apache-maven-3.6.3\localrepository\m1\junit\junit\4.13\junit-4.13.jar;C:\Program Files\apache-maven-3.6.3\localrepository\m1\org\mockito\mockito-core\3.3.3\mockito-core-3.3.3.jar;C:\Program Files\apache-maven-3.6.3\localrepository\m1\net\bytebuddy\byte-buddy-agent\1.10.10\byte-buddy-agent-1.10.10.jar;C:\Program Files\apache-maven-3.6.3\localrepository\m1\org\objenesis\objenesis\2.6\objenesis-2.6.jar;C:\Program Files\apache-maven-3.6.3\localrepository\m1\org\mockito\mockito-junit-jupiter\3.3.3\mockito-junit-jupiter-3.3.3.jar;C:\Program Files\apache-maven-3.6.3\localrepository\m1\org\skyscreamer\jsonassert\1.5.0\jsonassert-1.5.0.jar;C:\Program Files\apache-maven-3.6.3\localrepository\m1\com\vaadin\external\google\android-json\0.0.20131108.vaadin1\android-json-0.0.20131108.vaadin1.jar;C:\Program Files\apache-maven-3.6.3\localrepository\m1\org\springframework\spring-core\5.2.6.RELEASE\spring-core-5.2.6.RELEASE.jar;C:\Program Files\apache-maven-3.6.3\localrepository\m1\org\springframework\spring-jcl\5.2.6.RELEASE\spring-jcl-5.2.6.RELEASE.jar;C:\Program Files\apache-maven-3.6.3\localrepository\m1\org\springframework\spring-test\5.2.6.RELEASE\spring-test-5.2.6.RELEASE.jar;C:\Program Files\apache-maven-3.6.3\localrepository\m1\org\xmlunit\xmlunit-core\2.7.0\xmlunit-core-2.7.0.jar;C:\Program Files\apache-maven-3.6.3\localrepository\m1\org\springframework\boot\spring-boot-starter-validation\2.3.0.RELEASE\spring-boot-starter-validation-2.3.0.RELEASE.jar;C:\Program Files\apache-maven-3.6.3\localrepository\m1\org\hibernate\validator\hibernate-validator\6.1.5.Final\hibernate-validator-6.1.5.Final.jar;C:\Program Files\apache-maven-3.6.3\localrepository\m1\jakarta\validation\jakarta.validation-api\2.0.2\jakarta.validation-api-2.0.2.jar;C:\Program Files\apache-maven-3.6.3\localrepository\m1\mysql\mysql-connector-java\8.0.20\mysql-connector-java-8.0.20.jar;"/>
    <property name="java.vm.vendor" value="Oracle Corporation"/>
    <property name="sun.arch.data.model" value="64"/>
    <property name="user.variant" value=""/>
    <property name="java.vendor.url" value="https://openjdk.java.net/"/>
    <property name="user.timezone" value="GMT+08:00"/>
    <property name="java.vm.specification.version" value="11"/>
    <property name="os.name" value="Windows 10"/>
    <property name="sun.java.launcher" value="SUN_STANDARD"/>
    <property name="user.country" value="HK"/>
    <property name="sun.boot.library.path" value="C:\Program Files\Java\jdk-11.0.8\bin"/>
    <property name="sun.java.command" value="C:\Users\bkyuy\AppData\Local\Temp\surefire14590166751053197772\surefirebooter13604185001215629472.jar C:\Users\bkyuy\AppData\Local\Temp\surefire14590166751053197772 2020-10-19T14-39-48_164-jvmRun1 surefire603976528921453969tmp surefire_011570402712812421595tmp"/>
    <property name="jdk.debug" value="release"/>
    <property name="surefire.test.class.path" value="D:\workspace_springboot_react_demo\demo1\target\test-classes;D:\workspace_springboot_react_demo\demo1\target\classes;C:\Program Files\apache-maven-3.6.3\localrepository\m1\org\springframework\boot\spring-boot-starter-data-jpa\2.3.0.RELEASE\spring-boot-starter-data-jpa-2.3.0.RELEASE.jar;C:\Program Files\apache-maven-3.6.3\localrepository\m1\org\springframework\boot\spring-boot-starter-aop\2.3.0.RELEASE\spring-boot-starter-aop-2.3.0.RELEASE.jar;C:\Program Files\apache-maven-3.6.3\localrepository\m1\org\springframework\spring-aop\5.2.6.RELEASE\spring-aop-5.2.6.RELEASE.jar;C:\Program Files\apache-maven-3.6.3\localrepository\m1\org\aspectj\aspectjweaver\1.9.5\aspectjweaver-1.9.5.jar;C:\Program Files\apache-maven-3.6.3\localrepository\m1\org\springframework\boot\spring-boot-starter-jdbc\2.3.0.RELEASE\spring-boot-starter-jdbc-2.3.0.RELEASE.jar;C:\Program Files\apache-maven-3.6.3\localrepository\m1\com\zaxxer\HikariCP\3.4.5\HikariCP-3.4.5.jar;C:\Program Files\apache-maven-3.6.3\localrepository\m1\org\springframework\spring-jdbc\5.2.6.RELEASE\spring-jdbc-5.2.6.RELEASE.jar;C:\Program Files\apache-maven-3.6.3\localrepository\m1\jakarta\transaction\jakarta.transaction-api\1.3.3\jakarta.transaction-api-1.3.3.jar;C:\Program Files\apache-maven-3.6.3\localrepository\m1\jakarta\persistence\jakarta.persistence-api\2.2.3\jakarta.persistence-api-2.2.3.jar;C:\Program Files\apache-maven-3.6.3\localrepository\m1\org\hibernate\hibernate-core\5.4.15.Final\hibernate-core-5.4.15.Final.jar;C:\Program Files\apache-maven-3.6.3\localrepository\m1\org\jboss\logging\jboss-logging\3.4.1.Final\jboss-logging-3.4.1.Final.jar;C:\Program Files\apache-maven-3.6.3\localrepository\m1\org\javassist\javassist\3.24.0-GA\javassist-3.24.0-GA.jar;C:\Program Files\apache-maven-3.6.3\localrepository\m1\net\bytebuddy\byte-buddy\1.10.10\byte-buddy-1.10.10.jar;C:\Program Files\apache-maven-3.6.3\localrepository\m1\antlr\antlr\2.7.7\antlr-2.7.7.jar;C:\Program Files\apache-maven-3.6.3\localrepository\m1\org\jboss\jandex\2.1.3.Final\jandex-2.1.3.Final.jar;C:\Program Files\apache-maven-3.6.3\localrepository\m1\com\fasterxml\classmate\1.5.1\classmate-1.5.1.jar;C:\Program Files\apache-maven-3.6.3\localrepository\m1\org\dom4j\dom4j\2.1.3\dom4j-2.1.3.jar;C:\Program Files\apache-maven-3.6.3\localrepository\m1\org\hibernate\common\hibernate-commons-annotations\5.1.0.Final\hibernate-commons-annotations-5.1.0.Final.jar;C:\Program Files\apache-maven-3.6.3\localrepository\m1\org\glassfish\jaxb\jaxb-runtime\2.3.3\jaxb-runtime-2.3.3.jar;C:\Program Files\apache-maven-3.6.3\localrepository\m1\org\glassfish\jaxb\txw2\2.3.3\txw2-2.3.3.jar;C:\Program Files\apache-maven-3.6.3\localrepository\m1\com\sun\istack\istack-commons-runtime\3.0.11\istack-commons-runtime-3.0.11.jar;C:\Program Files\apache-maven-3.6.3\localrepository\m1\com\sun\activation\jakarta.activation\1.2.2\jakarta.activation-1.2.2.jar;C:\Program Files\apache-maven-3.6.3\localrepository\m1\org\springframework\data\spring-data-jpa\2.3.0.RELEASE\spring-data-jpa-2.3.0.RELEASE.jar;C:\Program Files\apache-maven-3.6.3\localrepository\m1\org\springframework\data\spring-data-commons\2.3.0.RELEASE\spring-data-commons-2.3.0.RELEASE.jar;C:\Program Files\apache-maven-3.6.3\localrepository\m1\org\springframework\spring-orm\5.2.6.RELEASE\spring-orm-5.2.6.RELEASE.jar;C:\Program Files\apache-maven-3.6.3\localrepository\m1\org\springframework\spring-context\5.2.6.RELEASE\spring-context-5.2.6.RELEASE.jar;C:\Program Files\apache-maven-3.6.3\localrepository\m1\org\springframework\spring-tx\5.2.6.RELEASE\spring-tx-5.2.6.RELEASE.jar;C:\Program Files\apache-maven-3.6.3\localrepository\m1\org\springframework\spring-beans\5.2.6.RELEASE\spring-beans-5.2.6.RELEASE.jar;C:\Program Files\apache-maven-3.6.3\localrepository\m1\org\slf4j\slf4j-api\1.7.30\slf4j-api-1.7.30.jar;C:\Program Files\apache-maven-3.6.3\localrepository\m1\org\springframework\spring-aspects\5.2.6.RELEASE\spring-aspects-5.2.6.RELEASE.jar;C:\Program Files\apache-maven-3.6.3\localrepository\m1\org\springframework\boot\spring-boot-starter-data-rest\2.3.0.RELEASE\spring-boot-starter-data-rest-2.3.0.RELEASE.jar;C:\Program Files\apache-maven-3.6.3\localrepository\m1\org\springframework\data\spring-data-rest-webmvc\3.3.0.RELEASE\spring-data-rest-webmvc-3.3.0.RELEASE.jar;C:\Program Files\apache-maven-3.6.3\localrepository\m1\org\springframework\data\spring-data-rest-core\3.3.0.RELEASE\spring-data-rest-core-3.3.0.RELEASE.jar;C:\Program Files\apache-maven-3.6.3\localrepository\m1\org\springframework\hateoas\spring-hateoas\1.1.0.RELEASE\spring-hateoas-1.1.0.RELEASE.jar;C:\Program Files\apache-maven-3.6.3\localrepository\m1\org\springframework\plugin\spring-plugin-core\2.0.0.RELEASE\spring-plugin-core-2.0.0.RELEASE.jar;C:\Program Files\apache-maven-3.6.3\localrepository\m1\org\atteo\evo-inflector\1.2.2\evo-inflector-1.2.2.jar;C:\Program Files\apache-maven-3.6.3\localrepository\m1\com\fasterxml\jackson\core\jackson-databind\2.11.0\jackson-databind-2.11.0.jar;C:\Program Files\apache-maven-3.6.3\localrepository\m1\com\fasterxml\jackson\core\jackson-core\2.11.0\jackson-core-2.11.0.jar;C:\Program Files\apache-maven-3.6.3\localrepository\m1\com\fasterxml\jackson\core\jackson-annotations\2.11.0\jackson-annotations-2.11.0.jar;C:\Program Files\apache-maven-3.6.3\localrepository\m1\org\springframework\boot\spring-boot-starter-web\2.3.0.RELEASE\spring-boot-starter-web-2.3.0.RELEASE.jar;C:\Program Files\apache-maven-3.6.3\localrepository\m1\org\springframework\boot\spring-boot-starter\2.3.0.RELEASE\spring-boot-starter-2.3.0.RELEASE.jar;C:\Program Files\apache-maven-3.6.3\localrepository\m1\org\springframework\boot\spring-boot-starter-logging\2.3.0.RELEASE\spring-boot-starter-logging-2.3.0.RELEASE.jar;C:\Program Files\apache-maven-3.6.3\localrepository\m1\ch\qos\logback\logback-classic\1.2.3\logback-classic-1.2.3.jar;C:\Program Files\apache-maven-3.6.3\localrepository\m1\ch\qos\logback\logback-core\1.2.3\logback-core-1.2.3.jar;C:\Program Files\apache-maven-3.6.3\localrepository\m1\org\apache\logging\log4j\log4j-to-slf4j\2.13.2\log4j-to-slf4j-2.13.2.jar;C:\Program Files\apache-maven-3.6.3\localrepository\m1\org\apache\logging\log4j\log4j-api\2.13.2\log4j-api-2.13.2.jar;C:\Program Files\apache-maven-3.6.3\localrepository\m1\org\slf4j\jul-to-slf4j\1.7.30\jul-to-slf4j-1.7.30.jar;C:\Program Files\apache-maven-3.6.3\localrepository\m1\org\yaml\snakeyaml\1.26\snakeyaml-1.26.jar;C:\Program Files\apache-maven-3.6.3\localrepository\m1\org\springframework\boot\spring-boot-starter-json\2.3.0.RELEASE\spring-boot-starter-json-2.3.0.RELEASE.jar;C:\Program Files\apache-maven-3.6.3\localrepository\m1\com\fasterxml\jackson\datatype\jackson-datatype-jdk8\2.11.0\jackson-datatype-jdk8-2.11.0.jar;C:\Program Files\apache-maven-3.6.3\localrepository\m1\com\fasterxml\jackson\datatype\jackson-datatype-jsr310\2.11.0\jackson-datatype-jsr310-2.11.0.jar;C:\Program Files\apache-maven-3.6.3\localrepository\m1\com\fasterxml\jackson\module\jackson-module-parameter-names\2.11.0\jackson-module-parameter-names-2.11.0.jar;C:\Program Files\apache-maven-3.6.3\localrepository\m1\org\springframework\spring-web\5.2.6.RELEASE\spring-web-5.2.6.RELEASE.jar;C:\Program Files\apache-maven-3.6.3\localrepository\m1\org\springframework\spring-webmvc\5.2.6.RELEASE\spring-webmvc-5.2.6.RELEASE.jar;C:\Program Files\apache-maven-3.6.3\localrepository\m1\org\springframework\spring-expression\5.2.6.RELEASE\spring-expression-5.2.6.RELEASE.jar;C:\Program Files\apache-maven-3.6.3\localrepository\m1\org\springframework\boot\spring-boot-devtools\2.3.0.RELEASE\spring-boot-devtools-2.3.0.RELEASE.jar;C:\Program Files\apache-maven-3.6.3\localrepository\m1\org\springframework\boot\spring-boot\2.3.0.RELEASE\spring-boot-2.3.0.RELEASE.jar;C:\Program Files\apache-maven-3.6.3\localrepository\m1\org\springframework\boot\spring-boot-autoconfigure\2.3.0.RELEASE\spring-boot-autoconfigure-2.3.0.RELEASE.jar;C:\Program Files\apache-maven-3.6.3\localrepository\m1\com\h2database\h2\1.4.200\h2-1.4.200.jar;C:\Program Files\apache-maven-3.6.3\localrepository\m1\org\springframework\boot\spring-boot-configuration-processor\2.3.0.RELEASE\spring-boot-configuration-processor-2.3.0.RELEASE.jar;C:\Program Files\apache-maven-3.6.3\localrepository\m1\org\projectlombok\lombok\1.18.12\lombok-1.18.12.jar;C:\Program Files\apache-maven-3.6.3\localrepository\m1\org\springframework\boot\spring-boot-starter-tomcat\2.3.0.RELEASE\spring-boot-starter-tomcat-2.3.0.RELEASE.jar;C:\Program Files\apache-maven-3.6.3\localrepository\m1\jakarta\annotation\jakarta.annotation-api\1.3.5\jakarta.annotation-api-1.3.5.jar;C:\Program Files\apache-maven-3.6.3\localrepository\m1\org\apache\tomcat\embed\tomcat-embed-core\9.0.35\tomcat-embed-core-9.0.35.jar;C:\Program Files\apache-maven-3.6.3\localrepository\m1\org\glassfish\jakarta.el\3.0.3\jakarta.el-3.0.3.jar;C:\Program Files\apache-maven-3.6.3\localrepository\m1\org\apache\tomcat\embed\tomcat-embed-websocket\9.0.35\tomcat-embed-websocket-9.0.35.jar;C:\Program Files\apache-maven-3.6.3\localrepository\m1\org\springframework\boot\spring-boot-starter-test\2.3.0.RELEASE\spring-boot-starter-test-2.3.0.RELEASE.jar;C:\Program Files\apache-maven-3.6.3\localrepository\m1\org\springframework\boot\spring-boot-test\2.3.0.RELEASE\spring-boot-test-2.3.0.RELEASE.jar;C:\Program Files\apache-maven-3.6.3\localrepository\m1\org\springframework\boot\spring-boot-test-autoconfigure\2.3.0.RELEASE\spring-boot-test-autoconfigure-2.3.0.RELEASE.jar;C:\Program Files\apache-maven-3.6.3\localrepository\m1\com\jayway\jsonpath\json-path\2.4.0\json-path-2.4.0.jar;C:\Program Files\apache-maven-3.6.3\localrepository\m1\net\minidev\json-smart\2.3\json-smart-2.3.jar;C:\Program Files\apache-maven-3.6.3\localrepository\m1\net\minidev\accessors-smart\1.2\accessors-smart-1.2.jar;C:\Program Files\apache-maven-3.6.3\localrepository\m1\org\ow2\asm\asm\5.0.4\asm-5.0.4.jar;C:\Program Files\apache-maven-3.6.3\localrepository\m1\jakarta\xml\bind\jakarta.xml.bind-api\2.3.3\jakarta.xml.bind-api-2.3.3.jar;C:\Program Files\apache-maven-3.6.3\localrepository\m1\jakarta\activation\jakarta.activation-api\1.2.2\jakarta.activation-api-1.2.2.jar;C:\Program Files\apache-maven-3.6.3\localrepository\m1\org\assertj\assertj-core\3.16.1\assertj-core-3.16.1.jar;C:\Program Files\apache-maven-3.6.3\localrepository\m1\org\hamcrest\hamcrest\2.2\hamcrest-2.2.jar;C:\Program Files\apache-maven-3.6.3\localrepository\m1\org\junit\jupiter\junit-jupiter\5.6.2\junit-jupiter-5.6.2.jar;C:\Program Files\apache-maven-3.6.3\localrepository\m1\org\junit\jupiter\junit-jupiter-api\5.6.2\junit-jupiter-api-5.6.2.jar;C:\Program Files\apache-maven-3.6.3\localrepository\m1\org\opentest4j\opentest4j\1.2.0\opentest4j-1.2.0.jar;C:\Program Files\apache-maven-3.6.3\localrepository\m1\org\junit\platform\junit-platform-commons\1.6.2\junit-platform-commons-1.6.2.jar;C:\Program Files\apache-maven-3.6.3\localrepository\m1\org\junit\jupiter\junit-jupiter-params\5.6.2\junit-jupiter-params-5.6.2.jar;C:\Program Files\apache-maven-3.6.3\localrepository\m1\org\junit\jupiter\junit-jupiter-engine\5.6.2\junit-jupiter-engine-5.6.2.jar;C:\Program Files\apache-maven-3.6.3\localrepository\m1\org\junit\vintage\junit-vintage-engine\5.6.2\junit-vintage-engine-5.6.2.jar;C:\Program Files\apache-maven-3.6.3\localrepository\m1\org\apiguardian\apiguardian-api\1.1.0\apiguardian-api-1.1.0.jar;C:\Program Files\apache-maven-3.6.3\localrepository\m1\org\junit\platform\junit-platform-engine\1.6.2\junit-platform-engine-1.6.2.jar;C:\Program Files\apache-maven-3.6.3\localrepository\m1\junit\junit\4.13\junit-4.13.jar;C:\Program Files\apache-maven-3.6.3\localrepository\m1\org\mockito\mockito-core\3.3.3\mockito-core-3.3.3.jar;C:\Program Files\apache-maven-3.6.3\localrepository\m1\net\bytebuddy\byte-buddy-agent\1.10.10\byte-buddy-agent-1.10.10.jar;C:\Program Files\apache-maven-3.6.3\localrepository\m1\org\objenesis\objenesis\2.6\objenesis-2.6.jar;C:\Program Files\apache-maven-3.6.3\localrepository\m1\org\mockito\mockito-junit-jupiter\3.3.3\mockito-junit-jupiter-3.3.3.jar;C:\Program Files\apache-maven-3.6.3\localrepository\m1\org\skyscreamer\jsonassert\1.5.0\jsonassert-1.5.0.jar;C:\Program Files\apache-maven-3.6.3\localrepository\m1\com\vaadin\external\google\android-json\0.0.20131108.vaadin1\android-json-0.0.20131108.vaadin1.jar;C:\Program Files\apache-maven-3.6.3\localrepository\m1\org\springframework\spring-core\5.2.6.RELEASE\spring-core-5.2.6.RELEASE.jar;C:\Program Files\apache-maven-3.6.3\localrepository\m1\org\springframework\spring-jcl\5.2.6.RELEASE\spring-jcl-5.2.6.RELEASE.jar;C:\Program Files\apache-maven-3.6.3\localrepository\m1\org\springframework\spring-test\5.2.6.RELEASE\spring-test-5.2.6.RELEASE.jar;C:\Program Files\apache-maven-3.6.3\localrepository\m1\org\xmlunit\xmlunit-core\2.7.0\xmlunit-core-2.7.0.jar;C:\Program Files\apache-maven-3.6.3\localrepository\m1\org\springframework\boot\spring-boot-starter-validation\2.3.0.RELEASE\spring-boot-starter-validation-2.3.0.RELEASE.jar;C:\Program Files\apache-maven-3.6.3\localrepository\m1\org\hibernate\validator\hibernate-validator\6.1.5.Final\hibernate-validator-6.1.5.Final.jar;C:\Program Files\apache-maven-3.6.3\localrepository\m1\jakarta\validation\jakarta.validation-api\2.0.2\jakarta.validation-api-2.0.2.jar;C:\Program Files\apache-maven-3.6.3\localrepository\m1\mysql\mysql-connector-java\8.0.20\mysql-connector-java-8.0.20.jar;"/>
    <property name="sun.cpu.endian" value="little"/>
    <property name="user.home" value="C:\Users\bkyuy"/>
    <property name="user.language" value="zh"/>
    <property name="java.specification.vendor" value="Oracle Corporation"/>
    <property name="java.version.date" value="2020-07-14"/>
    <property name="java.home" value="C:\Program Files\Java\jdk-11.0.8"/>
    <property name="file.separator" value="\"/>
    <property name="basedir" value="D:\workspace_springboot_react_demo\demo1"/>
    <property name="java.vm.compressedOopsMode" value="32-bit"/>
    <property name="line.separator" value="&#10;"/>
    <property name="java.specification.name" value="Java Platform API Specification"/>
    <property name="java.vm.specification.vendor" value="Oracle Corporation"/>
    <property name="java.awt.graphicsenv" value="sun.awt.Win32GraphicsEnvironment"/>
    <property name="surefire.real.class.path" value="C:\Users\bkyuy\AppData\Local\Temp\surefire14590166751053197772\surefirebooter13604185001215629472.jar"/>
    <property name="user.script" value=""/>
    <property name="sun.management.compiler" value="HotSpot 64-Bit Tiered Compilers"/>
    <property name="java.runtime.version" value="11.0.8+10-LTS"/>
    <property name="user.name" value="crxliu"/>
    <property name="path.separator" value=";"/>
    <property name="os.version" value="10.0"/>
    <property name="java.runtime.name" value="Java(TM) SE Runtime Environment"/>
    <property name="file.encoding" value="MS950"/>
    <property name="java.vm.name" value="Java HotSpot(TM) 64-Bit Server VM"/>
    <property name="java.vendor.version" value="18.9"/>
    <property name="localRepository" value="C:\Program Files\apache-maven-3.6.3\localrepository\m1"/>
    <property name="java.vendor.url.bug" value="https://bugreport.java.com/bugreport/"/>
    <property name="java.io.tmpdir" value="C:\Users\bkyuy\AppData\Local\Temp\"/>
    <property name="java.version" value="11.0.8"/>
    <property name="user.dir" value="D:\workspace_springboot_react_demo\demo1"/>
    <property name="os.arch" value="amd64"/>
    <property name="java.vm.specification.name" value="Java Virtual Machine Specification"/>
    <property name="java.awt.printerjob" value="sun.awt.windows.WPrinterJob"/>
    <property name="sun.os.patch.level" value=""/>
    <property name="java.library.path" value="C:\Program Files\Java\jdk-11.0.8\bin;C:\WINDOWS\Sun\Java\bin;C:\WINDOWS\system32;C:\WINDOWS;D:\workspace_springboot_react_demo\demo1\node_modules\angular-ide\bin;D:\workspace_springboot_react_demo\demo1\node_modules\.bin;C:\Users\bkyuy\bin;C:\Users\bkyuy\.codemix-store\git-bash\mingw64\bin;C:\Users\bkyuy\.codemix-store\git-bash\usr\local\bin;C:\Users\bkyuy\.codemix-store\git-bash\usr\bin;C:\Users\bkyuy\.codemix-store\git-bash\usr\bin;C:\Users\bkyuy\.codemix-store\git-bash\mingw64\bin;C:\Users\bkyuy\.codemix-store\git-bash\usr\bin;C:\Users\bkyuy\bin;C:\Program Files\Java\jre1.8.0_251\bin\server;C:\Program Files\Java\jre1.8.0_251\bin;C:\Program Files\Java\jre1.8.0_251\lib\amd64;C:\Program Files\Common Files\Oracle\Java\javapath;C:\Program Files (x86)\Common Files\Oracle\Java\javapath;D:\app\product\11.2.0\client_1;D:\app\product\11.2.0\client_1\bin;D:\app\client\product\12.2.0\client_1\bin;C:\Program Files (x86)\Common Files\Oracle\Java\javapath_;C:\WINDOWS\system32;C:\WINDOWS;C:\WINDOWS\System32\Wbem;C:\WINDOWS\System32\WindowsPowerShell\v1.0;C:\Program Files\Microsoft\Web Platform Installer;C:\Sybase\dll;C:\WINDOWS\System32\OpenSSH;C:\Program Files\PuTTY;C:\Program Files\MySQL\MySQL Server 8.0\bin;C:\Program Files\nodejs;C:\Program Files\Git\cmd;C:\Users\bkyuy\AppData\Local\Microsoft\WindowsApps;C:\Program Files (x86)\java-11-openjdk-jre-11.0.6-1\bin;C:\Program Files\Java\jdk-11.0.8\bin;C:\Program Files\apache-maven-3.6.3\bin;C:\Users\bkyuy\AppData\Local\Programs\Microsoft VS Code\bin;C:\Program Files\MySQL\MySQL Server 8.0\bin;C:\Users\bkyuy\AppData\Roaming\npm;C:\Program Files\nodejs;C:\Users\bkyuy\Desktop\CELIA\eclipse;C:\Users\bkyuy\.codemix-store\git-bash\usr\bin\vendor_perl;C:\Users\bkyuy\.codemix-store\git-bash\usr\bin\core_perl;."/>
    <property name="java.vendor" value="Oracle Corporation"/>
    <property name="java.vm.info" value="mixed mode"/>
    <property name="java.vm.version" value="11.0.8+10-LTS"/>
    <property name="sun.io.unicode.encoding" value="UnicodeLittle"/>
    <property name="java.class.version" value="55.0"/>
  </properties>
  <testcase name="contextLoads" classname="com.example.demo.Demo1ApplicationTests" time="0.196"/>
</testsuite>